# PHR Log - Docusaurus Book with Modules

Date: 2025-12-15

## Actions Performed:

1. Detected 21 chapters in docusaurus/docs/ directory (00-introduction.md to 20-humanoid-project-examples-capstone.md)

2. Organized chapters into 6 modules with 4 chapters per module:
   - Module 1: Introduction to Physical AI (00-03)
   - Module 2: ROS2 Communication & Simulation (04-07)
   - Module 3: Digital Twins & Unity Integration (08-11)
   - Module 4: Isaac SDK & ROS2 Integration (12-15)
   - Module 5: Vision, Language & Action Concepts (16-19)
   - Module 6: Capstone Project (20)

3. Updated sidebars.js to reflect module structure with collapsible categories:
   - Created nested category structure with proper labels
   - Set modules as collapsible with initial expanded state
   - Maintained proper ordering of all chapters

4. Created professional homepage at src/pages/index.js:
   - Added hero section with main call-to-action
   - Created card-based layout for all 6 modules
   - Added direct links to each module's starting chapter
   - Included descriptive text for each module

5. Created corresponding CSS module file at src/pages/index.module.css:
   - Added responsive styling for the homepage layout
   - Created proper spacing and visual hierarchy

6. Tested site build successfully:
   - Verified that the site compiles without errors
   - Confirmed all modules and chapters are properly linked
   - Ensured GitHub Pages deployment configuration remains intact

## Status:
All tasks completed successfully. The Docusaurus book is now organized into modules with a professional homepage and is ready for local viewing and GitHub Pages deployment.